<?xml version="1.0" encoding="UTF-8"?>
<robot generator="Robot 4.1 (Python 3.9.7 on win32)" generated="20210908 09:53:03.856" rpa="false" schemaversion="2">
<suite id="s1" name="SearchCharacters" source="C:\projects\marvel-api\specs\SearchCharacters.robot">
<kw name="Super Setup" library="Base" type="SETUP">
<arg>thaisllayne@gmail.com</arg>
<kw name="Set Client Key" library="Base">
<arg>${email}</arg>
<kw name="Create Dictionary" library="BuiltIn">
<var>&amp;{usuario}</var>
<arg>email=${email}</arg>
<doc>Creates and returns a dictionary based on the given ``items``.</doc>
<msg timestamp="20210908 09:53:03.964" level="INFO">&amp;{usuario} = { email=thaisllayne@gmail.com }</msg>
<status status="PASS" starttime="20210908 09:53:03.963" endtime="20210908 09:53:03.964"/>
</kw>
<kw name="POST" library="RequestsLibrary">
<var>${response}</var>
<arg>${API_URL}/accounts</arg>
<arg>json=${usuario}</arg>
<doc>Sends a POST request.</doc>
<msg timestamp="20210908 09:53:04.676" level="INFO">POST Request : url=http://marvel.qaninja.academy/accounts 
 path_url=/accounts 
 headers={'User-Agent': 'python-requests/2.26.0', 'Accept-Encoding': 'gzip, deflate', 'Accept': '*/*', 'Connection': 'keep-alive', 'Content-Length': '34', 'Content-Type': 'application/json'} 
 body=b'{"email": "thaisllayne@gmail.com"}' 
 </msg>
<msg timestamp="20210908 09:53:04.676" level="INFO">POST Response : url=http://marvel.qaninja.academy/accounts 
 status=200, reason=OK 
 headers={'Server': 'Cowboy', 'Connection': 'keep-alive', 'X-Powered-By': 'Express', 'Access-Control-Allow-Origin': '*', 'Content-Type': 'application/json; charset=utf-8', 'Content-Length': '41', 'Etag': 'W/"29-HtXmU9+Bq+bIdlctEdBLQ/wV7bQ"', 'Date': 'Wed, 08 Sep 2021 12:53:05 GMT', 'Via': '1.1 vegur'} 
 body={"client_key":"6138aa93de6b6400165e9ceb"} 
 </msg>
<msg timestamp="20210908 09:53:04.676" level="INFO">${response} = &lt;Response [200]&gt;</msg>
<status status="PASS" starttime="20210908 09:53:03.964" endtime="20210908 09:53:04.676"/>
</kw>
<kw name="Set Variable" library="BuiltIn">
<var>${client_key}</var>
<arg>${response.json()}[client_key]</arg>
<doc>Returns the given values which can then be assigned to a variables.</doc>
<msg timestamp="20210908 09:53:04.677" level="INFO">${client_key} = 6138aa93de6b6400165e9ceb</msg>
<status status="PASS" starttime="20210908 09:53:04.676" endtime="20210908 09:53:04.677"/>
</kw>
<kw name="Create Dictionary" library="BuiltIn">
<var>&amp;{HEADERS}</var>
<arg>client_key=${client_key}</arg>
<doc>Creates and returns a dictionary based on the given ``items``.</doc>
<msg timestamp="20210908 09:53:04.678" level="INFO">&amp;{HEADERS} = { client_key=6138aa93de6b6400165e9ceb }</msg>
<status status="PASS" starttime="20210908 09:53:04.678" endtime="20210908 09:53:04.678"/>
</kw>
<kw name="Set Suite Variable" library="BuiltIn">
<arg>${HEADERS}</arg>
<doc>Makes a variable available everywhere within the scope of the current suite.</doc>
<msg timestamp="20210908 09:53:04.679" level="INFO">${HEADERS} = {'client_key': '6138aa93de6b6400165e9ceb'}</msg>
<status status="PASS" starttime="20210908 09:53:04.678" endtime="20210908 09:53:04.679"/>
</kw>
<status status="PASS" starttime="20210908 09:53:03.963" endtime="20210908 09:53:04.679"/>
</kw>
<kw name="Back To The Past" library="Base">
<kw name="DELETE" library="RequestsLibrary">
<arg>${API_URL}/delorean</arg>
<arg>headers=${HEADERS}</arg>
<doc>Sends a DELETE request.</doc>
<msg timestamp="20210908 09:53:05.033" level="INFO">DELETE Request : url=http://marvel.qaninja.academy/delorean 
 path_url=/delorean 
 headers={'User-Agent': 'python-requests/2.26.0', 'Accept-Encoding': 'gzip, deflate', 'Accept': '*/*', 'Connection': 'keep-alive', 'client_key': '6138aa93de6b6400165e9ceb', 'Content-Length': '0'} 
 body=None 
 </msg>
<msg timestamp="20210908 09:53:05.033" level="INFO">DELETE Response : url=http://marvel.qaninja.academy/delorean 
 status=200, reason=OK 
 headers={'Server': 'Cowboy', 'Connection': 'keep-alive', 'X-Powered-By': 'Express', 'Access-Control-Allow-Origin': '*', 'Content-Type': 'application/json; charset=utf-8', 'Content-Length': '31', 'Etag': 'W/"1f-ImqlboUfbv1n1FbEV48J/4RvhGg"', 'Date': 'Wed, 08 Sep 2021 12:53:06 GMT', 'Via': '1.1 vegur'} 
 body={"message":"Avengers Assemble"} 
 </msg>
<status status="PASS" starttime="20210908 09:53:04.680" endtime="20210908 09:53:05.033"/>
</kw>
<status status="PASS" starttime="20210908 09:53:04.679" endtime="20210908 09:53:05.034"/>
</kw>
<status status="PASS" starttime="20210908 09:53:03.962" endtime="20210908 09:53:05.035"/>
</kw>
<test id="s1-t1" name="Deve buscar um personagem pelo Id">
<kw name="Factory Logan" library="Xmen">
<var>${personagem}</var>
<msg timestamp="20210908 09:53:05.037" level="INFO">${personagem} = {'name': 'Logan', 'aliases': 'Wolverine', 'age': 100, 'team': 'X-men', 'active': True}</msg>
<status status="PASS" starttime="20210908 09:53:05.037" endtime="20210908 09:53:05.038"/>
</kw>
<kw name="POST New Character" library="Characters">
<var>${logan}</var>
<arg>${personagem}</arg>
<kw name="POST" library="RequestsLibrary">
<var>${response}</var>
<arg>http://marvel.qaninja.academy/characters</arg>
<arg>json=${payload}</arg>
<arg>headers=${HEADERS}</arg>
<arg>expected_status=any</arg>
<doc>Sends a POST request.</doc>
<msg timestamp="20210908 09:53:05.410" level="INFO">POST Request : url=http://marvel.qaninja.academy/characters 
 path_url=/characters 
 headers={'User-Agent': 'python-requests/2.26.0', 'Accept-Encoding': 'gzip, deflate', 'Accept': '*/*', 'Connection': 'keep-alive', 'client_key': '6138aa93de6b6400165e9ceb', 'Content-Length': '86', 'Content-Type': 'application/json'} 
 body=b'{"name": "Logan", "aliases": "Wolverine", "age": 100, "team": "X-men", "active": true}' 
 </msg>
<msg timestamp="20210908 09:53:05.411" level="INFO">POST Response : url=http://marvel.qaninja.academy/characters 
 status=200, reason=OK 
 headers={'Server': 'Cowboy', 'Connection': 'keep-alive', 'X-Powered-By': 'Express', 'Access-Control-Allow-Origin': '*', 'Content-Type': 'application/json; charset=utf-8', 'Content-Length': '145', 'Etag': 'W/"91-Wc3pp7gGVGcFjld+cOo3PRN/k7A"', 'Date': 'Wed, 08 Sep 2021 12:53:06 GMT', 'Via': '1.1 vegur'} 
 body={"_id":"6138b232de6b6400165e9da9","name":"Logan","age":100,"aliases":"Wolverine","team":"X-men","active":true,"owner":"6138aa93de6b6400165e9ceb"} 
 </msg>
<msg timestamp="20210908 09:53:05.411" level="INFO">${response} = &lt;Response [200]&gt;</msg>
<status status="PASS" starttime="20210908 09:53:05.039" endtime="20210908 09:53:05.411"/>
</kw>
<msg timestamp="20210908 09:53:05.411" level="INFO">${logan} = &lt;Response [200]&gt;</msg>
<status status="PASS" starttime="20210908 09:53:05.038" endtime="20210908 09:53:05.411"/>
</kw>
<kw name="Set Variable" library="BuiltIn">
<var>${logan_id}</var>
<arg>${logan.json()}[_id]</arg>
<doc>Returns the given values which can then be assigned to a variables.</doc>
<msg timestamp="20210908 09:53:05.412" level="INFO">${logan_id} = 6138b232de6b6400165e9da9</msg>
<status status="PASS" starttime="20210908 09:53:05.411" endtime="20210908 09:53:05.412"/>
</kw>
<kw name="GET Character By Id" library="Characters">
<var>${response}</var>
<arg>${logan_id}</arg>
<kw name="GET" library="RequestsLibrary">
<var>${response}</var>
<arg>${API_URL}/characters/${character_id}</arg>
<arg>headers=${HEADERS}</arg>
<arg>expected_status=any</arg>
<doc>Sends a GET request.</doc>
<msg timestamp="20210908 09:53:05.838" level="INFO">GET Request : url=http://marvel.qaninja.academy/characters/6138b232de6b6400165e9da9 
 path_url=/characters/6138b232de6b6400165e9da9 
 headers={'User-Agent': 'python-requests/2.26.0', 'Accept-Encoding': 'gzip, deflate', 'Accept': '*/*', 'Connection': 'keep-alive', 'client_key': '6138aa93de6b6400165e9ceb'} 
 body=None 
 </msg>
<msg timestamp="20210908 09:53:05.838" level="INFO">GET Response : url=http://marvel.qaninja.academy/characters/6138b232de6b6400165e9da9 
 status=200, reason=OK 
 headers={'Server': 'Cowboy', 'Connection': 'keep-alive', 'X-Powered-By': 'Express', 'Access-Control-Allow-Origin': '*', 'Content-Type': 'application/json; charset=utf-8', 'Content-Length': '145', 'Etag': 'W/"91-Wc3pp7gGVGcFjld+cOo3PRN/k7A"', 'Date': 'Wed, 08 Sep 2021 12:53:06 GMT', 'Via': '1.1 vegur'} 
 body={"_id":"6138b232de6b6400165e9da9","name":"Logan","age":100,"aliases":"Wolverine","team":"X-men","active":true,"owner":"6138aa93de6b6400165e9ceb"} 
 </msg>
<msg timestamp="20210908 09:53:05.839" level="INFO">${response} = &lt;Response [200]&gt;</msg>
<status status="PASS" starttime="20210908 09:53:05.413" endtime="20210908 09:53:05.839"/>
</kw>
<msg timestamp="20210908 09:53:05.839" level="INFO">${response} = &lt;Response [200]&gt;</msg>
<status status="PASS" starttime="20210908 09:53:05.413" endtime="20210908 09:53:05.839"/>
</kw>
<kw name="Status Should Be" library="RequestsLibrary">
<arg>200</arg>
<arg>${response}</arg>
<doc>Fails if response status code is different than the expected.</doc>
<status status="PASS" starttime="20210908 09:53:05.839" endtime="20210908 09:53:05.839"/>
</kw>
<kw name="Should Be Equal" library="BuiltIn">
<arg>${logan.json()}[name]</arg>
<arg>${personagem}[name]</arg>
<doc>Fails if the given objects are unequal.</doc>
<status status="PASS" starttime="20210908 09:53:05.839" endtime="20210908 09:53:05.840"/>
</kw>
<kw name="Should Be Equal" library="BuiltIn">
<arg>${logan.json()}[aliases]</arg>
<arg>${personagem}[aliases]</arg>
<doc>Fails if the given objects are unequal.</doc>
<status status="PASS" starttime="20210908 09:53:05.840" endtime="20210908 09:53:05.841"/>
</kw>
<kw name="Should Be Equal" library="BuiltIn">
<arg>${logan.json()}[age]</arg>
<arg>${personagem}[age]</arg>
<doc>Fails if the given objects are unequal.</doc>
<status status="PASS" starttime="20210908 09:53:05.841" endtime="20210908 09:53:05.842"/>
</kw>
<kw name="Should Be Equal" library="BuiltIn">
<arg>${logan.json()}[team]</arg>
<arg>${personagem}[team]</arg>
<doc>Fails if the given objects are unequal.</doc>
<status status="PASS" starttime="20210908 09:53:05.842" endtime="20210908 09:53:05.842"/>
</kw>
<kw name="Should Be Equal" library="BuiltIn">
<arg>${logan.json()}[active]</arg>
<arg>${personagem}[active]</arg>
<doc>Fails if the given objects are unequal.</doc>
<status status="PASS" starttime="20210908 09:53:05.842" endtime="20210908 09:53:05.843"/>
</kw>
<status status="PASS" starttime="20210908 09:53:05.035" endtime="20210908 09:53:05.843"/>
</test>
<doc>Suite de Teste de busca de personagens na API da Marvel</doc>
<status status="PASS" starttime="20210908 09:53:03.858" endtime="20210908 09:53:05.844"/>
</suite>
<statistics>
<total>
<stat pass="1" fail="0" skip="0">All Tests</stat>
</total>
<tag>
</tag>
<suite>
<stat pass="1" fail="0" skip="0" id="s1" name="SearchCharacters">SearchCharacters</stat>
</suite>
</statistics>
<errors>
</errors>
</robot>
