<?xml version="1.0" encoding="UTF-8"?>
<robot generator="Robot 4.1 (Python 3.9.7 on win32)" generated="20210908 11:33:25.064" rpa="false" schemaversion="2">
<suite id="s1" name="RemoveCharacters" source="C:\projects\marvel-api\specs\RemoveCharacters.robot">
<kw name="Super Setup" library="Base" type="SETUP">
<arg>thais@gmail.com</arg>
<kw name="Set Client Key" library="Base">
<arg>${email}</arg>
<kw name="Create Dictionary" library="BuiltIn">
<var>&amp;{usuario}</var>
<arg>email=${email}</arg>
<doc>Creates and returns a dictionary based on the given ``items``.</doc>
<msg timestamp="20210908 11:33:25.183" level="INFO">&amp;{usuario} = { email=thais@gmail.com }</msg>
<status status="PASS" starttime="20210908 11:33:25.182" endtime="20210908 11:33:25.183"/>
</kw>
<kw name="POST" library="RequestsLibrary">
<var>${response}</var>
<arg>${API_URL}/accounts</arg>
<arg>json=${usuario}</arg>
<doc>Sends a POST request.</doc>
<msg timestamp="20210908 11:33:25.719" level="INFO">POST Request : url=http://marvel.qaninja.academy/accounts 
 path_url=/accounts 
 headers={'User-Agent': 'python-requests/2.26.0', 'Accept-Encoding': 'gzip, deflate', 'Accept': '*/*', 'Connection': 'keep-alive', 'Content-Length': '28', 'Content-Type': 'application/json'} 
 body=b'{"email": "thais@gmail.com"}' 
 </msg>
<msg timestamp="20210908 11:33:25.719" level="INFO">POST Response : url=http://marvel.qaninja.academy/accounts 
 status=200, reason=OK 
 headers={'Server': 'Cowboy', 'Connection': 'keep-alive', 'X-Powered-By': 'Express', 'Access-Control-Allow-Origin': '*', 'Content-Type': 'application/json; charset=utf-8', 'Content-Length': '41', 'Etag': 'W/"29-oU5SsSzMTeu26waus2aZsRhkzR4"', 'Date': 'Wed, 08 Sep 2021 14:33:26 GMT', 'Via': '1.1 vegur'} 
 body={"client_key":"6138b9f8de6b6400165e9ec9"} 
 </msg>
<msg timestamp="20210908 11:33:25.719" level="INFO">${response} = &lt;Response [200]&gt;</msg>
<status status="PASS" starttime="20210908 11:33:25.184" endtime="20210908 11:33:25.719"/>
</kw>
<kw name="Set Variable" library="BuiltIn">
<var>${client_key}</var>
<arg>${response.json()}[client_key]</arg>
<doc>Returns the given values which can then be assigned to a variables.</doc>
<msg timestamp="20210908 11:33:25.719" level="INFO">${client_key} = 6138b9f8de6b6400165e9ec9</msg>
<status status="PASS" starttime="20210908 11:33:25.719" endtime="20210908 11:33:25.719"/>
</kw>
<kw name="Create Dictionary" library="BuiltIn">
<var>&amp;{HEADERS}</var>
<arg>client_key=${client_key}</arg>
<doc>Creates and returns a dictionary based on the given ``items``.</doc>
<msg timestamp="20210908 11:33:25.719" level="INFO">&amp;{HEADERS} = { client_key=6138b9f8de6b6400165e9ec9 }</msg>
<status status="PASS" starttime="20210908 11:33:25.719" endtime="20210908 11:33:25.719"/>
</kw>
<kw name="Set Suite Variable" library="BuiltIn">
<arg>${HEADERS}</arg>
<doc>Makes a variable available everywhere within the scope of the current suite.</doc>
<msg timestamp="20210908 11:33:25.719" level="INFO">${HEADERS} = {'client_key': '6138b9f8de6b6400165e9ec9'}</msg>
<status status="PASS" starttime="20210908 11:33:25.719" endtime="20210908 11:33:25.719"/>
</kw>
<status status="PASS" starttime="20210908 11:33:25.182" endtime="20210908 11:33:25.719"/>
</kw>
<kw name="Back To The Past" library="Base">
<kw name="DELETE" library="RequestsLibrary">
<arg>${API_URL}/delorean</arg>
<arg>headers=${HEADERS}</arg>
<doc>Sends a DELETE request.</doc>
<msg timestamp="20210908 11:33:26.053" level="INFO">DELETE Request : url=http://marvel.qaninja.academy/delorean 
 path_url=/delorean 
 headers={'User-Agent': 'python-requests/2.26.0', 'Accept-Encoding': 'gzip, deflate', 'Accept': '*/*', 'Connection': 'keep-alive', 'client_key': '6138b9f8de6b6400165e9ec9', 'Content-Length': '0'} 
 body=None 
 </msg>
<msg timestamp="20210908 11:33:26.054" level="INFO">DELETE Response : url=http://marvel.qaninja.academy/delorean 
 status=200, reason=OK 
 headers={'Server': 'Cowboy', 'Connection': 'keep-alive', 'X-Powered-By': 'Express', 'Access-Control-Allow-Origin': '*', 'Content-Type': 'application/json; charset=utf-8', 'Content-Length': '31', 'Etag': 'W/"1f-ImqlboUfbv1n1FbEV48J/4RvhGg"', 'Date': 'Wed, 08 Sep 2021 14:33:27 GMT', 'Via': '1.1 vegur'} 
 body={"message":"Avengers Assemble"} 
 </msg>
<status status="PASS" starttime="20210908 11:33:25.724" endtime="20210908 11:33:26.054"/>
</kw>
<status status="PASS" starttime="20210908 11:33:25.719" endtime="20210908 11:33:26.054"/>
</kw>
<status status="PASS" starttime="20210908 11:33:25.181" endtime="20210908 11:33:26.054"/>
</kw>
<test id="s1-t1" name="Deve remover um personagem pelo Id">
<kw name="Factory Ciclope" library="Xmen">
<var>${personagem}</var>
<msg timestamp="20210908 11:33:26.055" level="INFO">${personagem} = {'name': 'Ciclope', 'aliases': 'Ciclope', 'age': 25, 'team': 'X-men', 'active': True}</msg>
<status status="PASS" starttime="20210908 11:33:26.054" endtime="20210908 11:33:26.055"/>
</kw>
<kw name="POST New Character" library="Characters">
<var>${ciclope}</var>
<arg>${personagem}</arg>
<kw name="POST" library="RequestsLibrary">
<var>${response}</var>
<arg>http://marvel.qaninja.academy/characters</arg>
<arg>json=${payload}</arg>
<arg>headers=${HEADERS}</arg>
<arg>expected_status=any</arg>
<doc>Sends a POST request.</doc>
<msg timestamp="20210908 11:33:26.398" level="INFO">POST Request : url=http://marvel.qaninja.academy/characters 
 path_url=/characters 
 headers={'User-Agent': 'python-requests/2.26.0', 'Accept-Encoding': 'gzip, deflate', 'Accept': '*/*', 'Connection': 'keep-alive', 'client_key': '6138b9f8de6b6400165e9ec9', 'Content-Length': '85', 'Content-Type': 'application/json'} 
 body=b'{"name": "Ciclope", "aliases": "Ciclope", "age": 25, "team": "X-men", "active": true}' 
 </msg>
<msg timestamp="20210908 11:33:26.398" level="INFO">POST Response : url=http://marvel.qaninja.academy/characters 
 status=200, reason=OK 
 headers={'Server': 'Cowboy', 'Connection': 'keep-alive', 'X-Powered-By': 'Express', 'Access-Control-Allow-Origin': '*', 'Content-Type': 'application/json; charset=utf-8', 'Content-Length': '144', 'Etag': 'W/"90-YGwuYFug8rlpLJFk40A89kGxxeQ"', 'Date': 'Wed, 08 Sep 2021 14:33:27 GMT', 'Via': '1.1 vegur'} 
 body={"_id":"6138c9b7de6b6400165e9f99","name":"Ciclope","age":25,"aliases":"Ciclope","team":"X-men","active":true,"owner":"6138b9f8de6b6400165e9ec9"} 
 </msg>
<msg timestamp="20210908 11:33:26.398" level="INFO">${response} = &lt;Response [200]&gt;</msg>
<status status="PASS" starttime="20210908 11:33:26.055" endtime="20210908 11:33:26.398"/>
</kw>
<msg timestamp="20210908 11:33:26.398" level="INFO">${ciclope} = &lt;Response [200]&gt;</msg>
<status status="PASS" starttime="20210908 11:33:26.055" endtime="20210908 11:33:26.398"/>
</kw>
<kw name="Set Variable" library="BuiltIn">
<var>${ciclope_id}</var>
<arg>${ciclope.json()}[_id]</arg>
<doc>Returns the given values which can then be assigned to a variables.</doc>
<msg timestamp="20210908 11:33:26.398" level="INFO">${ciclope_id} = 6138c9b7de6b6400165e9f99</msg>
<status status="PASS" starttime="20210908 11:33:26.398" endtime="20210908 11:33:26.398"/>
</kw>
<kw name="DELETE Character By Id" library="Characters">
<var>${response}</var>
<arg>${ciclope_id}</arg>
<kw name="DELETE" library="RequestsLibrary">
<var>${response}</var>
<arg>${API_URL}/characters/${character_id}</arg>
<arg>headers=${HEADERS}</arg>
<arg>expected_status=any</arg>
<doc>Sends a DELETE request.</doc>
<msg timestamp="20210908 11:33:26.746" level="INFO">DELETE Request : url=http://marvel.qaninja.academy/characters/6138c9b7de6b6400165e9f99 
 path_url=/characters/6138c9b7de6b6400165e9f99 
 headers={'User-Agent': 'python-requests/2.26.0', 'Accept-Encoding': 'gzip, deflate', 'Accept': '*/*', 'Connection': 'keep-alive', 'client_key': '6138b9f8de6b6400165e9ec9', 'Content-Length': '0'} 
 body=None 
 </msg>
<msg timestamp="20210908 11:33:26.747" level="INFO">DELETE Response : url=http://marvel.qaninja.academy/characters/6138c9b7de6b6400165e9f99 
 status=204, reason=No Content 
 headers={'Server': 'Cowboy', 'Content-Length': '0', 'Connection': 'keep-alive', 'X-Powered-By': 'Express', 'Access-Control-Allow-Origin': '*', 'Date': 'Wed, 08 Sep 2021 14:33:27 GMT', 'Via': '1.1 vegur'} 
 body=None 
 </msg>
<msg timestamp="20210908 11:33:26.747" level="INFO">${response} = &lt;Response [204]&gt;</msg>
<status status="PASS" starttime="20210908 11:33:26.398" endtime="20210908 11:33:26.747"/>
</kw>
<msg timestamp="20210908 11:33:26.748" level="INFO">${response} = &lt;Response [204]&gt;</msg>
<status status="PASS" starttime="20210908 11:33:26.398" endtime="20210908 11:33:26.748"/>
</kw>
<kw name="Status Should Be" library="RequestsLibrary">
<arg>204</arg>
<arg>${response}</arg>
<doc>Fails if response status code is different than the expected.</doc>
<status status="PASS" starttime="20210908 11:33:26.748" endtime="20210908 11:33:26.749"/>
</kw>
<kw name="GET Character By Id" library="Characters">
<var>${response2}</var>
<arg>${ciclope_id}</arg>
<kw name="GET" library="RequestsLibrary">
<var>${response}</var>
<arg>${API_URL}/characters/${character_id}</arg>
<arg>headers=${HEADERS}</arg>
<arg>expected_status=any</arg>
<doc>Sends a GET request.</doc>
<msg timestamp="20210908 11:33:27.080" level="INFO">GET Request : url=http://marvel.qaninja.academy/characters/6138c9b7de6b6400165e9f99 
 path_url=/characters/6138c9b7de6b6400165e9f99 
 headers={'User-Agent': 'python-requests/2.26.0', 'Accept-Encoding': 'gzip, deflate', 'Accept': '*/*', 'Connection': 'keep-alive', 'client_key': '6138b9f8de6b6400165e9ec9'} 
 body=None 
 </msg>
<msg timestamp="20210908 11:33:27.080" level="INFO">GET Response : url=http://marvel.qaninja.academy/characters/6138c9b7de6b6400165e9f99 
 status=404, reason=Not Found 
 headers={'Server': 'Cowboy', 'Connection': 'keep-alive', 'X-Powered-By': 'Express', 'Access-Control-Allow-Origin': '*', 'Date': 'Wed, 08 Sep 2021 14:33:28 GMT', 'Content-Length': '0', 'Via': '1.1 vegur'} 
 body=None 
 </msg>
<msg timestamp="20210908 11:33:27.080" level="INFO">${response} = &lt;Response [404]&gt;</msg>
<status status="PASS" starttime="20210908 11:33:26.750" endtime="20210908 11:33:27.081"/>
</kw>
<msg timestamp="20210908 11:33:27.081" level="INFO">${response2} = &lt;Response [404]&gt;</msg>
<status status="PASS" starttime="20210908 11:33:26.749" endtime="20210908 11:33:27.081"/>
</kw>
<kw name="Status Should Be" library="RequestsLibrary">
<arg>404</arg>
<arg>${response2}</arg>
<doc>Fails if response status code is different than the expected.</doc>
<status status="PASS" starttime="20210908 11:33:27.081" endtime="20210908 11:33:27.082"/>
</kw>
<status status="PASS" starttime="20210908 11:33:26.054" endtime="20210908 11:33:27.082"/>
</test>
<test id="s1-t2" name="Não deve encontrar o usuário pelo Id inexistente">
<kw name="Get Unique Id" library="Helpers">
<var>${personagem_id}</var>
<msg timestamp="20210908 11:33:27.084" level="INFO">${personagem_id} = 6138c9b71f36344eb4444fd3</msg>
<status status="PASS" starttime="20210908 11:33:27.083" endtime="20210908 11:33:27.084"/>
</kw>
<kw name="DELETE Character By Id" library="Characters">
<var>${response}</var>
<arg>${personagem_id}</arg>
<kw name="DELETE" library="RequestsLibrary">
<var>${response}</var>
<arg>${API_URL}/characters/${character_id}</arg>
<arg>headers=${HEADERS}</arg>
<arg>expected_status=any</arg>
<doc>Sends a DELETE request.</doc>
<msg timestamp="20210908 11:33:27.425" level="INFO">DELETE Request : url=http://marvel.qaninja.academy/characters/6138c9b71f36344eb4444fd3 
 path_url=/characters/6138c9b71f36344eb4444fd3 
 headers={'User-Agent': 'python-requests/2.26.0', 'Accept-Encoding': 'gzip, deflate', 'Accept': '*/*', 'Connection': 'keep-alive', 'client_key': '6138b9f8de6b6400165e9ec9', 'Content-Length': '0'} 
 body=None 
 </msg>
<msg timestamp="20210908 11:33:27.425" level="INFO">DELETE Response : url=http://marvel.qaninja.academy/characters/6138c9b71f36344eb4444fd3 
 status=404, reason=Not Found 
 headers={'Server': 'Cowboy', 'Connection': 'keep-alive', 'X-Powered-By': 'Express', 'Access-Control-Allow-Origin': '*', 'Date': 'Wed, 08 Sep 2021 14:33:28 GMT', 'Content-Length': '0', 'Via': '1.1 vegur'} 
 body=None 
 </msg>
<msg timestamp="20210908 11:33:27.426" level="INFO">${response} = &lt;Response [404]&gt;</msg>
<status status="PASS" starttime="20210908 11:33:27.085" endtime="20210908 11:33:27.426"/>
</kw>
<msg timestamp="20210908 11:33:27.427" level="INFO">${response} = &lt;Response [404]&gt;</msg>
<status status="PASS" starttime="20210908 11:33:27.084" endtime="20210908 11:33:27.427"/>
</kw>
<kw name="Status Should Be" library="RequestsLibrary">
<arg>404</arg>
<arg>${response}</arg>
<doc>Fails if response status code is different than the expected.</doc>
<status status="PASS" starttime="20210908 11:33:27.428" endtime="20210908 11:33:27.428"/>
</kw>
<status status="PASS" starttime="20210908 11:33:27.083" endtime="20210908 11:33:27.429"/>
</test>
<doc>Suite de Teste de exclusão de personagens na API da Marvel</doc>
<status status="PASS" starttime="20210908 11:33:25.064" endtime="20210908 11:33:27.429"/>
</suite>
<statistics>
<total>
<stat pass="2" fail="0" skip="0">All Tests</stat>
</total>
<tag>
</tag>
<suite>
<stat pass="2" fail="0" skip="0" id="s1" name="RemoveCharacters">RemoveCharacters</stat>
</suite>
</statistics>
<errors>
</errors>
</robot>
