<?xml version="1.0" encoding="UTF-8"?>
<robot generator="Robot 4.1 (Python 3.9.7 on win32)" generated="20210908 10:57:50.113" rpa="false" schemaversion="2">
<suite id="s1" name="Specs" source="C:\projects\marvel-api\specs">
<suite id="s1-s1" name="CreateCharacters" source="C:\projects\marvel-api\specs\CreateCharacters.robot">
<kw name="Super Setup" library="Base" type="SETUP">
<arg>thaisllaynesantana@gmail.com</arg>
<kw name="Set Client Key" library="Base">
<arg>${email}</arg>
<kw name="Create Dictionary" library="BuiltIn">
<var>&amp;{usuario}</var>
<arg>email=${email}</arg>
<doc>Creates and returns a dictionary based on the given ``items``.</doc>
<msg timestamp="20210908 10:57:50.277" level="INFO">&amp;{usuario} = { email=thaisllaynesantana@gmail.com }</msg>
<status status="PASS" starttime="20210908 10:57:50.276" endtime="20210908 10:57:50.277"/>
</kw>
<kw name="POST" library="RequestsLibrary">
<var>${response}</var>
<arg>${API_URL}/accounts</arg>
<arg>json=${usuario}</arg>
<doc>Sends a POST request.</doc>
<msg timestamp="20210908 10:57:50.925" level="INFO">POST Request : url=http://marvel.qaninja.academy/accounts 
 path_url=/accounts 
 headers={'User-Agent': 'python-requests/2.26.0', 'Accept-Encoding': 'gzip, deflate', 'Accept': '*/*', 'Connection': 'keep-alive', 'Content-Length': '41', 'Content-Type': 'application/json'} 
 body=b'{"email": "thaisllaynesantana@gmail.com"}' 
 </msg>
<msg timestamp="20210908 10:57:50.925" level="INFO">POST Response : url=http://marvel.qaninja.academy/accounts 
 status=200, reason=OK 
 headers={'Server': 'Cowboy', 'Connection': 'keep-alive', 'X-Powered-By': 'Express', 'Access-Control-Allow-Origin': '*', 'Content-Type': 'application/json; charset=utf-8', 'Content-Length': '41', 'Etag': 'W/"29-fM0uEw0HMXhQxFTNSN4Ts3FTdfc"', 'Date': 'Wed, 08 Sep 2021 13:57:52 GMT', 'Via': '1.1 vegur'} 
 body={"client_key":"6131222c2f65af00162b355c"} 
 </msg>
<msg timestamp="20210908 10:57:50.925" level="INFO">${response} = &lt;Response [200]&gt;</msg>
<status status="PASS" starttime="20210908 10:57:50.279" endtime="20210908 10:57:50.925"/>
</kw>
<kw name="Set Variable" library="BuiltIn">
<var>${client_key}</var>
<arg>${response.json()}[client_key]</arg>
<doc>Returns the given values which can then be assigned to a variables.</doc>
<msg timestamp="20210908 10:57:50.933" level="INFO">${client_key} = 6131222c2f65af00162b355c</msg>
<status status="PASS" starttime="20210908 10:57:50.932" endtime="20210908 10:57:50.933"/>
</kw>
<kw name="Create Dictionary" library="BuiltIn">
<var>&amp;{HEADERS}</var>
<arg>client_key=${client_key}</arg>
<doc>Creates and returns a dictionary based on the given ``items``.</doc>
<msg timestamp="20210908 10:57:50.936" level="INFO">&amp;{HEADERS} = { client_key=6131222c2f65af00162b355c }</msg>
<status status="PASS" starttime="20210908 10:57:50.936" endtime="20210908 10:57:50.936"/>
</kw>
<kw name="Set Suite Variable" library="BuiltIn">
<arg>${HEADERS}</arg>
<doc>Makes a variable available everywhere within the scope of the current suite.</doc>
<msg timestamp="20210908 10:57:50.939" level="INFO">${HEADERS} = {'client_key': '6131222c2f65af00162b355c'}</msg>
<status status="PASS" starttime="20210908 10:57:50.938" endtime="20210908 10:57:50.939"/>
</kw>
<status status="PASS" starttime="20210908 10:57:50.276" endtime="20210908 10:57:50.941"/>
</kw>
<kw name="Back To The Past" library="Base">
<kw name="DELETE" library="RequestsLibrary">
<arg>${API_URL}/delorean</arg>
<arg>headers=${HEADERS}</arg>
<doc>Sends a DELETE request.</doc>
<msg timestamp="20210908 10:57:51.263" level="INFO">DELETE Request : url=http://marvel.qaninja.academy/delorean 
 path_url=/delorean 
 headers={'User-Agent': 'python-requests/2.26.0', 'Accept-Encoding': 'gzip, deflate', 'Accept': '*/*', 'Connection': 'keep-alive', 'client_key': '6131222c2f65af00162b355c', 'Content-Length': '0'} 
 body=None 
 </msg>
<msg timestamp="20210908 10:57:51.264" level="INFO">DELETE Response : url=http://marvel.qaninja.academy/delorean 
 status=200, reason=OK 
 headers={'Server': 'Cowboy', 'Connection': 'keep-alive', 'X-Powered-By': 'Express', 'Access-Control-Allow-Origin': '*', 'Content-Type': 'application/json; charset=utf-8', 'Content-Length': '31', 'Etag': 'W/"1f-ImqlboUfbv1n1FbEV48J/4RvhGg"', 'Date': 'Wed, 08 Sep 2021 13:57:52 GMT', 'Via': '1.1 vegur'} 
 body={"message":"Avengers Assemble"} 
 </msg>
<status status="PASS" starttime="20210908 10:57:50.941" endtime="20210908 10:57:51.264"/>
</kw>
<status status="PASS" starttime="20210908 10:57:50.941" endtime="20210908 10:57:51.267"/>
</kw>
<status status="PASS" starttime="20210908 10:57:50.276" endtime="20210908 10:57:51.268"/>
</kw>
<test id="s1-s1-t1" name="Deve cadastrar um personagem">
<kw name="Factory Start Lord" library="Guardians">
<var>&amp;{personagem}</var>
<msg timestamp="20210908 10:57:51.270" level="INFO">&amp;{personagem} = { name=Peter Quill | aliases=Star Lord | age=30 | team=Guardians of the Galaxy | active=True }</msg>
<status status="PASS" starttime="20210908 10:57:51.269" endtime="20210908 10:57:51.270"/>
</kw>
<kw name="POST New Character" library="Characters">
<var>${response}</var>
<arg>${personagem}</arg>
<kw name="POST" library="RequestsLibrary">
<var>${response}</var>
<arg>http://marvel.qaninja.academy/characters</arg>
<arg>json=${payload}</arg>
<arg>headers=${HEADERS}</arg>
<arg>expected_status=any</arg>
<doc>Sends a POST request.</doc>
<msg timestamp="20210908 10:57:51.608" level="INFO">POST Request : url=http://marvel.qaninja.academy/characters 
 path_url=/characters 
 headers={'User-Agent': 'python-requests/2.26.0', 'Accept-Encoding': 'gzip, deflate', 'Accept': '*/*', 'Connection': 'keep-alive', 'client_key': '6131222c2f65af00162b355c', 'Content-Length': '109', 'Content-Type': 'application/json'} 
 body=b'{"name": "Peter Quill", "aliases": "Star Lord", "age": 30, "team": "Guardians of the Galaxy", "active": true}' 
 </msg>
<msg timestamp="20210908 10:57:51.608" level="INFO">POST Response : url=http://marvel.qaninja.academy/characters 
 status=200, reason=OK 
 headers={'Server': 'Cowboy', 'Connection': 'keep-alive', 'X-Powered-By': 'Express', 'Access-Control-Allow-Origin': '*', 'Content-Type': 'application/json; charset=utf-8', 'Content-Length': '168', 'Etag': 'W/"a8-Mc0/UI0piQsKUhl8tsF+0PHx96E"', 'Date': 'Wed, 08 Sep 2021 13:57:52 GMT', 'Via': '1.1 vegur'} 
 body={"_id":"6138c160de6b6400165e9f42","name":"Peter Quill","age":30,"aliases":"Star Lord","team":"Guardians of the Galaxy","active":true,"owner":"6131222c2f65af00162b355c"} 
 </msg>
<msg timestamp="20210908 10:57:51.608" level="INFO">${response} = &lt;Response [200]&gt;</msg>
<status status="PASS" starttime="20210908 10:57:51.273" endtime="20210908 10:57:51.608"/>
</kw>
<msg timestamp="20210908 10:57:51.614" level="INFO">${response} = &lt;Response [200]&gt;</msg>
<status status="PASS" starttime="20210908 10:57:51.272" endtime="20210908 10:57:51.614"/>
</kw>
<kw name="Status Should Be" library="RequestsLibrary">
<arg>200</arg>
<arg>${response}</arg>
<doc>Fails if response status code is different than the expected.</doc>
<status status="PASS" starttime="20210908 10:57:51.617" endtime="20210908 10:57:51.618"/>
</kw>
<status status="PASS" starttime="20210908 10:57:51.268" endtime="20210908 10:57:51.618"/>
</test>
<test id="s1-s1-t2" name="Não deve cadastrar com o mesmo nome">
<kw name="Factory Groot" library="Guardians">
<var>${personagem}</var>
<msg timestamp="20210908 10:57:51.621" level="INFO">${personagem} = {'name': 'Groot', 'aliases': 'Groot', 'age': 300, 'team': 'Guardians of the Galaxy', 'active': True}</msg>
<status status="PASS" starttime="20210908 10:57:51.621" endtime="20210908 10:57:51.621"/>
</kw>
<kw name="POST New Character" library="Characters">
<arg>${personagem}</arg>
<kw name="POST" library="RequestsLibrary">
<var>${response}</var>
<arg>http://marvel.qaninja.academy/characters</arg>
<arg>json=${payload}</arg>
<arg>headers=${HEADERS}</arg>
<arg>expected_status=any</arg>
<doc>Sends a POST request.</doc>
<msg timestamp="20210908 10:57:51.977" level="INFO">POST Request : url=http://marvel.qaninja.academy/characters 
 path_url=/characters 
 headers={'User-Agent': 'python-requests/2.26.0', 'Accept-Encoding': 'gzip, deflate', 'Accept': '*/*', 'Connection': 'keep-alive', 'client_key': '6131222c2f65af00162b355c', 'Content-Length': '100', 'Content-Type': 'application/json'} 
 body=b'{"name": "Groot", "aliases": "Groot", "age": 300, "team": "Guardians of the Galaxy", "active": true}' 
 </msg>
<msg timestamp="20210908 10:57:51.978" level="INFO">POST Response : url=http://marvel.qaninja.academy/characters 
 status=200, reason=OK 
 headers={'Server': 'Cowboy', 'Connection': 'keep-alive', 'X-Powered-By': 'Express', 'Access-Control-Allow-Origin': '*', 'Content-Type': 'application/json; charset=utf-8', 'Content-Length': '159', 'Etag': 'W/"9f-pcXUs9wLF5UngKzVeMwQdxzhgcI"', 'Date': 'Wed, 08 Sep 2021 13:57:53 GMT', 'Via': '1.1 vegur'} 
 body={"_id":"6138c161de6b6400165e9f46","name":"Groot","age":300,"aliases":"Groot","team":"Guardians of the Galaxy","active":true,"owner":"6131222c2f65af00162b355c"} 
 </msg>
<msg timestamp="20210908 10:57:51.978" level="INFO">${response} = &lt;Response [200]&gt;</msg>
<status status="PASS" starttime="20210908 10:57:51.626" endtime="20210908 10:57:51.979"/>
</kw>
<status status="PASS" starttime="20210908 10:57:51.625" endtime="20210908 10:57:51.985"/>
</kw>
<kw name="POST New Character" library="Characters">
<var>${response}</var>
<arg>${personagem}</arg>
<kw name="POST" library="RequestsLibrary">
<var>${response}</var>
<arg>http://marvel.qaninja.academy/characters</arg>
<arg>json=${payload}</arg>
<arg>headers=${HEADERS}</arg>
<arg>expected_status=any</arg>
<doc>Sends a POST request.</doc>
<msg timestamp="20210908 10:57:52.321" level="INFO">POST Request : url=http://marvel.qaninja.academy/characters 
 path_url=/characters 
 headers={'User-Agent': 'python-requests/2.26.0', 'Accept-Encoding': 'gzip, deflate', 'Accept': '*/*', 'Connection': 'keep-alive', 'client_key': '6131222c2f65af00162b355c', 'Content-Length': '100', 'Content-Type': 'application/json'} 
 body=b'{"name": "Groot", "aliases": "Groot", "age": 300, "team": "Guardians of the Galaxy", "active": true}' 
 </msg>
<msg timestamp="20210908 10:57:52.321" level="INFO">POST Response : url=http://marvel.qaninja.academy/characters 
 status=409, reason=Conflict 
 headers={'Server': 'Cowboy', 'Connection': 'keep-alive', 'X-Powered-By': 'Express', 'Access-Control-Allow-Origin': '*', 'Content-Type': 'application/json; charset=utf-8', 'Content-Length': '39', 'Etag': 'W/"27-u8CjYCAAYHK/l+EQR0JyKi0LQGU"', 'Date': 'Wed, 08 Sep 2021 13:57:53 GMT', 'Via': '1.1 vegur'} 
 body={"error":"Character already exists :("} 
 </msg>
<msg timestamp="20210908 10:57:52.321" level="INFO">${response} = &lt;Response [409]&gt;</msg>
<status status="PASS" starttime="20210908 10:57:51.987" endtime="20210908 10:57:52.321"/>
</kw>
<msg timestamp="20210908 10:57:52.327" level="INFO">${response} = &lt;Response [409]&gt;</msg>
<status status="PASS" starttime="20210908 10:57:51.986" endtime="20210908 10:57:52.327"/>
</kw>
<kw name="Status Should Be" library="RequestsLibrary">
<arg>409</arg>
<arg>${response}</arg>
<doc>Fails if response status code is different than the expected.</doc>
<status status="PASS" starttime="20210908 10:57:52.330" endtime="20210908 10:57:52.331"/>
</kw>
<kw name="Should Be Equal" library="BuiltIn">
<arg>${response.json()}[error]</arg>
<arg>Character already exists :(</arg>
<doc>Fails if the given objects are unequal.</doc>
<status status="PASS" starttime="20210908 10:57:52.332" endtime="20210908 10:57:52.333"/>
</kw>
<tag>dup</tag>
<status status="PASS" starttime="20210908 10:57:51.621" endtime="20210908 10:57:52.334"/>
</test>
<doc>Suite de Teste do cadastro de personagens na API da Marvel</doc>
<status status="PASS" starttime="20210908 10:57:50.193" endtime="20210908 10:57:52.341"/>
</suite>
<suite id="s1-s2" name="RemoveCharacters" source="C:\projects\marvel-api\specs\RemoveCharacters.robot">
<kw name="Super Setup" library="Base" type="SETUP">
<arg>thais@gmail.com</arg>
<kw name="Set Client Key" library="Base">
<arg>${email}</arg>
<kw name="Create Dictionary" library="BuiltIn">
<var>&amp;{usuario}</var>
<arg>email=${email}</arg>
<doc>Creates and returns a dictionary based on the given ``items``.</doc>
<msg timestamp="20210908 10:57:52.360" level="INFO">&amp;{usuario} = { email=thais@gmail.com }</msg>
<status status="PASS" starttime="20210908 10:57:52.359" endtime="20210908 10:57:52.360"/>
</kw>
<kw name="POST" library="RequestsLibrary">
<var>${response}</var>
<arg>${API_URL}/accounts</arg>
<arg>json=${usuario}</arg>
<doc>Sends a POST request.</doc>
<msg timestamp="20210908 10:57:52.690" level="INFO">POST Request : url=http://marvel.qaninja.academy/accounts 
 path_url=/accounts 
 headers={'User-Agent': 'python-requests/2.26.0', 'Accept-Encoding': 'gzip, deflate', 'Accept': '*/*', 'Connection': 'keep-alive', 'Content-Length': '28', 'Content-Type': 'application/json'} 
 body=b'{"email": "thais@gmail.com"}' 
 </msg>
<msg timestamp="20210908 10:57:52.690" level="INFO">POST Response : url=http://marvel.qaninja.academy/accounts 
 status=200, reason=OK 
 headers={'Server': 'Cowboy', 'Connection': 'keep-alive', 'X-Powered-By': 'Express', 'Access-Control-Allow-Origin': '*', 'Content-Type': 'application/json; charset=utf-8', 'Content-Length': '41', 'Etag': 'W/"29-oU5SsSzMTeu26waus2aZsRhkzR4"', 'Date': 'Wed, 08 Sep 2021 13:57:53 GMT', 'Via': '1.1 vegur'} 
 body={"client_key":"6138b9f8de6b6400165e9ec9"} 
 </msg>
<msg timestamp="20210908 10:57:52.691" level="INFO">${response} = &lt;Response [200]&gt;</msg>
<status status="PASS" starttime="20210908 10:57:52.362" endtime="20210908 10:57:52.691"/>
</kw>
<kw name="Set Variable" library="BuiltIn">
<var>${client_key}</var>
<arg>${response.json()}[client_key]</arg>
<doc>Returns the given values which can then be assigned to a variables.</doc>
<msg timestamp="20210908 10:57:52.703" level="INFO">${client_key} = 6138b9f8de6b6400165e9ec9</msg>
<status status="PASS" starttime="20210908 10:57:52.700" endtime="20210908 10:57:52.703"/>
</kw>
<kw name="Create Dictionary" library="BuiltIn">
<var>&amp;{HEADERS}</var>
<arg>client_key=${client_key}</arg>
<doc>Creates and returns a dictionary based on the given ``items``.</doc>
<msg timestamp="20210908 10:57:52.708" level="INFO">&amp;{HEADERS} = { client_key=6138b9f8de6b6400165e9ec9 }</msg>
<status status="PASS" starttime="20210908 10:57:52.707" endtime="20210908 10:57:52.708"/>
</kw>
<kw name="Set Suite Variable" library="BuiltIn">
<arg>${HEADERS}</arg>
<doc>Makes a variable available everywhere within the scope of the current suite.</doc>
<msg timestamp="20210908 10:57:52.713" level="INFO">${HEADERS} = {'client_key': '6138b9f8de6b6400165e9ec9'}</msg>
<status status="PASS" starttime="20210908 10:57:52.712" endtime="20210908 10:57:52.713"/>
</kw>
<status status="PASS" starttime="20210908 10:57:52.359" endtime="20210908 10:57:52.717"/>
</kw>
<kw name="Back To The Past" library="Base">
<kw name="DELETE" library="RequestsLibrary">
<arg>${API_URL}/delorean</arg>
<arg>headers=${HEADERS}</arg>
<doc>Sends a DELETE request.</doc>
<msg timestamp="20210908 10:57:53.040" level="INFO">DELETE Request : url=http://marvel.qaninja.academy/delorean 
 path_url=/delorean 
 headers={'User-Agent': 'python-requests/2.26.0', 'Accept-Encoding': 'gzip, deflate', 'Accept': '*/*', 'Connection': 'keep-alive', 'client_key': '6138b9f8de6b6400165e9ec9', 'Content-Length': '0'} 
 body=None 
 </msg>
<msg timestamp="20210908 10:57:53.040" level="INFO">DELETE Response : url=http://marvel.qaninja.academy/delorean 
 status=200, reason=OK 
 headers={'Server': 'Cowboy', 'Connection': 'keep-alive', 'X-Powered-By': 'Express', 'Access-Control-Allow-Origin': '*', 'Content-Type': 'application/json; charset=utf-8', 'Content-Length': '31', 'Etag': 'W/"1f-ImqlboUfbv1n1FbEV48J/4RvhGg"', 'Date': 'Wed, 08 Sep 2021 13:57:54 GMT', 'Via': '1.1 vegur'} 
 body={"message":"Avengers Assemble"} 
 </msg>
<status status="PASS" starttime="20210908 10:57:52.717" endtime="20210908 10:57:53.041"/>
</kw>
<status status="PASS" starttime="20210908 10:57:52.717" endtime="20210908 10:57:53.057"/>
</kw>
<status status="PASS" starttime="20210908 10:57:52.359" endtime="20210908 10:57:53.058"/>
</kw>
<test id="s1-s2-t1" name="Deve remover um personagem pelo Id">
<kw name="Factory Ciclope" library="Xmen">
<var>${personagem}</var>
<msg timestamp="20210908 10:57:53.062" level="INFO">${personagem} = {'name': 'Ciclope', 'aliases': 'Ciclope', 'age': 25, 'team': 'X-men', 'active': True}</msg>
<status status="PASS" starttime="20210908 10:57:53.061" endtime="20210908 10:57:53.062"/>
</kw>
<kw name="POST New Character" library="Characters">
<var>${ciclope}</var>
<arg>${personagem}</arg>
<kw name="POST" library="RequestsLibrary">
<var>${response}</var>
<arg>http://marvel.qaninja.academy/characters</arg>
<arg>json=${payload}</arg>
<arg>headers=${HEADERS}</arg>
<arg>expected_status=any</arg>
<doc>Sends a POST request.</doc>
<msg timestamp="20210908 10:57:53.404" level="INFO">POST Request : url=http://marvel.qaninja.academy/characters 
 path_url=/characters 
 headers={'User-Agent': 'python-requests/2.26.0', 'Accept-Encoding': 'gzip, deflate', 'Accept': '*/*', 'Connection': 'keep-alive', 'client_key': '6138b9f8de6b6400165e9ec9', 'Content-Length': '85', 'Content-Type': 'application/json'} 
 body=b'{"name": "Ciclope", "aliases": "Ciclope", "age": 25, "team": "X-men", "active": true}' 
 </msg>
<msg timestamp="20210908 10:57:53.404" level="INFO">POST Response : url=http://marvel.qaninja.academy/characters 
 status=200, reason=OK 
 headers={'Server': 'Cowboy', 'Connection': 'keep-alive', 'X-Powered-By': 'Express', 'Access-Control-Allow-Origin': '*', 'Content-Type': 'application/json; charset=utf-8', 'Content-Length': '144', 'Etag': 'W/"90-oB40hDovaw+fg+gF4hJzhEITU8Y"', 'Date': 'Wed, 08 Sep 2021 13:57:54 GMT', 'Via': '1.1 vegur'} 
 body={"_id":"6138c162de6b6400165e9f4f","name":"Ciclope","age":25,"aliases":"Ciclope","team":"X-men","active":true,"owner":"6138b9f8de6b6400165e9ec9"} 
 </msg>
<msg timestamp="20210908 10:57:53.404" level="INFO">${response} = &lt;Response [200]&gt;</msg>
<status status="PASS" starttime="20210908 10:57:53.067" endtime="20210908 10:57:53.404"/>
</kw>
<msg timestamp="20210908 10:57:53.412" level="INFO">${ciclope} = &lt;Response [200]&gt;</msg>
<status status="PASS" starttime="20210908 10:57:53.067" endtime="20210908 10:57:53.412"/>
</kw>
<kw name="Set Variable" library="BuiltIn">
<var>${ciclope_id}</var>
<arg>${ciclope.json()}[_id]</arg>
<doc>Returns the given values which can then be assigned to a variables.</doc>
<msg timestamp="20210908 10:57:53.420" level="INFO">${ciclope_id} = 6138c162de6b6400165e9f4f</msg>
<status status="PASS" starttime="20210908 10:57:53.418" endtime="20210908 10:57:53.420"/>
</kw>
<kw name="DELETE Character By Id" library="Characters">
<var>${response}</var>
<arg>${ciclope_id}</arg>
<kw name="DELETE" library="RequestsLibrary">
<var>${response}</var>
<arg>${API_URL}/characters/${character_id}</arg>
<arg>headers=${HEADERS}</arg>
<arg>expected_status=any</arg>
<doc>Sends a DELETE request.</doc>
<msg timestamp="20210908 10:57:53.781" level="INFO">DELETE Request : url=http://marvel.qaninja.academy/characters/6138c162de6b6400165e9f4f 
 path_url=/characters/6138c162de6b6400165e9f4f 
 headers={'User-Agent': 'python-requests/2.26.0', 'Accept-Encoding': 'gzip, deflate', 'Accept': '*/*', 'Connection': 'keep-alive', 'client_key': '6138b9f8de6b6400165e9ec9', 'Content-Length': '0'} 
 body=None 
 </msg>
<msg timestamp="20210908 10:57:53.781" level="INFO">DELETE Response : url=http://marvel.qaninja.academy/characters/6138c162de6b6400165e9f4f 
 status=204, reason=No Content 
 headers={'Server': 'Cowboy', 'Content-Length': '0', 'Connection': 'keep-alive', 'X-Powered-By': 'Express', 'Access-Control-Allow-Origin': '*', 'Date': 'Wed, 08 Sep 2021 13:57:54 GMT', 'Via': '1.1 vegur'} 
 body=None 
 </msg>
<msg timestamp="20210908 10:57:53.781" level="INFO">${response} = &lt;Response [204]&gt;</msg>
<status status="PASS" starttime="20210908 10:57:53.426" endtime="20210908 10:57:53.781"/>
</kw>
<msg timestamp="20210908 10:57:53.785" level="INFO">${response} = &lt;Response [204]&gt;</msg>
<status status="PASS" starttime="20210908 10:57:53.424" endtime="20210908 10:57:53.785"/>
</kw>
<kw name="Status Should Be" library="RequestsLibrary">
<arg>204</arg>
<arg>${response}</arg>
<doc>Fails if response status code is different than the expected.</doc>
<status status="PASS" starttime="20210908 10:57:53.788" endtime="20210908 10:57:53.788"/>
</kw>
<kw name="GET Character By Id" library="Characters">
<var>${response2}</var>
<arg>${ciclope_id}</arg>
<kw name="GET" library="RequestsLibrary">
<var>${response}</var>
<arg>${API_URL}/characters/${character_id}</arg>
<arg>headers=${HEADERS}</arg>
<arg>expected_status=any</arg>
<doc>Sends a GET request.</doc>
<msg timestamp="20210908 10:57:54.128" level="INFO">GET Request : url=http://marvel.qaninja.academy/characters/6138c162de6b6400165e9f4f 
 path_url=/characters/6138c162de6b6400165e9f4f 
 headers={'User-Agent': 'python-requests/2.26.0', 'Accept-Encoding': 'gzip, deflate', 'Accept': '*/*', 'Connection': 'keep-alive', 'client_key': '6138b9f8de6b6400165e9ec9'} 
 body=None 
 </msg>
<msg timestamp="20210908 10:57:54.129" level="INFO">GET Response : url=http://marvel.qaninja.academy/characters/6138c162de6b6400165e9f4f 
 status=404, reason=Not Found 
 headers={'Server': 'Cowboy', 'Connection': 'keep-alive', 'X-Powered-By': 'Express', 'Access-Control-Allow-Origin': '*', 'Date': 'Wed, 08 Sep 2021 13:57:55 GMT', 'Content-Length': '0', 'Via': '1.1 vegur'} 
 body=None 
 </msg>
<msg timestamp="20210908 10:57:54.130" level="INFO">${response} = &lt;Response [404]&gt;</msg>
<status status="PASS" starttime="20210908 10:57:53.789" endtime="20210908 10:57:54.130"/>
</kw>
<msg timestamp="20210908 10:57:54.141" level="INFO">${response2} = &lt;Response [404]&gt;</msg>
<status status="PASS" starttime="20210908 10:57:53.789" endtime="20210908 10:57:54.141"/>
</kw>
<kw name="Status Should Be" library="RequestsLibrary">
<arg>404</arg>
<arg>${response2}</arg>
<doc>Fails if response status code is different than the expected.</doc>
<status status="PASS" starttime="20210908 10:57:54.147" endtime="20210908 10:57:54.148"/>
</kw>
<status status="PASS" starttime="20210908 10:57:53.059" endtime="20210908 10:57:54.149"/>
</test>
<test id="s1-s2-t2" name="Não deve encontrar o usuário pelo Id inexistente">
<kw name="Get Unique Id" library="Helpers">
<var>${personagem_id}</var>
<msg timestamp="20210908 10:57:54.157" level="INFO">${personagem_id} = 6138c1621f3634132c9afeb8</msg>
<status status="PASS" starttime="20210908 10:57:54.156" endtime="20210908 10:57:54.157"/>
</kw>
<kw name="DELETE Character By Id" library="Characters">
<var>${response}</var>
<arg>${personagem_id}</arg>
<kw name="DELETE" library="RequestsLibrary">
<var>${response}</var>
<arg>${API_URL}/characters/${character_id}</arg>
<arg>headers=${HEADERS}</arg>
<arg>expected_status=any</arg>
<doc>Sends a DELETE request.</doc>
<msg timestamp="20210908 10:57:54.507" level="INFO">DELETE Request : url=http://marvel.qaninja.academy/characters/6138c1621f3634132c9afeb8 
 path_url=/characters/6138c1621f3634132c9afeb8 
 headers={'User-Agent': 'python-requests/2.26.0', 'Accept-Encoding': 'gzip, deflate', 'Accept': '*/*', 'Connection': 'keep-alive', 'client_key': '6138b9f8de6b6400165e9ec9', 'Content-Length': '0'} 
 body=None 
 </msg>
<msg timestamp="20210908 10:57:54.507" level="INFO">DELETE Response : url=http://marvel.qaninja.academy/characters/6138c1621f3634132c9afeb8 
 status=404, reason=Not Found 
 headers={'Server': 'Cowboy', 'Connection': 'keep-alive', 'X-Powered-By': 'Express', 'Access-Control-Allow-Origin': '*', 'Date': 'Wed, 08 Sep 2021 13:57:55 GMT', 'Content-Length': '0', 'Via': '1.1 vegur'} 
 body=None 
 </msg>
<msg timestamp="20210908 10:57:54.508" level="INFO">${response} = &lt;Response [404]&gt;</msg>
<status status="PASS" starttime="20210908 10:57:54.163" endtime="20210908 10:57:54.508"/>
</kw>
<msg timestamp="20210908 10:57:54.517" level="INFO">${response} = &lt;Response [404]&gt;</msg>
<status status="PASS" starttime="20210908 10:57:54.161" endtime="20210908 10:57:54.517"/>
</kw>
<kw name="Status Should Be" library="RequestsLibrary">
<arg>404</arg>
<arg>${response}</arg>
<doc>Fails if response status code is different than the expected.</doc>
<status status="PASS" starttime="20210908 10:57:54.521" endtime="20210908 10:57:54.522"/>
</kw>
<status status="PASS" starttime="20210908 10:57:54.155" endtime="20210908 10:57:54.522"/>
</test>
<doc>Suite de Teste de exclusão de personagens na API da Marvel</doc>
<status status="PASS" starttime="20210908 10:57:52.353" endtime="20210908 10:57:54.529"/>
</suite>
<suite id="s1-s3" name="SearchCharacters" source="C:\projects\marvel-api\specs\SearchCharacters.robot">
<kw name="Super Setup" library="Base" type="SETUP">
<arg>thaisllayne@gmail.com</arg>
<kw name="Set Client Key" library="Base">
<arg>${email}</arg>
<kw name="Create Dictionary" library="BuiltIn">
<var>&amp;{usuario}</var>
<arg>email=${email}</arg>
<doc>Creates and returns a dictionary based on the given ``items``.</doc>
<msg timestamp="20210908 10:57:54.549" level="INFO">&amp;{usuario} = { email=thaisllayne@gmail.com }</msg>
<status status="PASS" starttime="20210908 10:57:54.548" endtime="20210908 10:57:54.549"/>
</kw>
<kw name="POST" library="RequestsLibrary">
<var>${response}</var>
<arg>${API_URL}/accounts</arg>
<arg>json=${usuario}</arg>
<doc>Sends a POST request.</doc>
<msg timestamp="20210908 10:57:55.026" level="INFO">POST Request : url=http://marvel.qaninja.academy/accounts 
 path_url=/accounts 
 headers={'User-Agent': 'python-requests/2.26.0', 'Accept-Encoding': 'gzip, deflate', 'Accept': '*/*', 'Connection': 'keep-alive', 'Content-Length': '34', 'Content-Type': 'application/json'} 
 body=b'{"email": "thaisllayne@gmail.com"}' 
 </msg>
<msg timestamp="20210908 10:57:55.026" level="INFO">POST Response : url=http://marvel.qaninja.academy/accounts 
 status=200, reason=OK 
 headers={'Server': 'Cowboy', 'Connection': 'keep-alive', 'X-Powered-By': 'Express', 'Access-Control-Allow-Origin': '*', 'Content-Type': 'application/json; charset=utf-8', 'Content-Length': '41', 'Etag': 'W/"29-HtXmU9+Bq+bIdlctEdBLQ/wV7bQ"', 'Date': 'Wed, 08 Sep 2021 13:57:56 GMT', 'Via': '1.1 vegur'} 
 body={"client_key":"6138aa93de6b6400165e9ceb"} 
 </msg>
<msg timestamp="20210908 10:57:55.027" level="INFO">${response} = &lt;Response [200]&gt;</msg>
<status status="PASS" starttime="20210908 10:57:54.551" endtime="20210908 10:57:55.027"/>
</kw>
<kw name="Set Variable" library="BuiltIn">
<var>${client_key}</var>
<arg>${response.json()}[client_key]</arg>
<doc>Returns the given values which can then be assigned to a variables.</doc>
<msg timestamp="20210908 10:57:55.037" level="INFO">${client_key} = 6138aa93de6b6400165e9ceb</msg>
<status status="PASS" starttime="20210908 10:57:55.035" endtime="20210908 10:57:55.038"/>
</kw>
<kw name="Create Dictionary" library="BuiltIn">
<var>&amp;{HEADERS}</var>
<arg>client_key=${client_key}</arg>
<doc>Creates and returns a dictionary based on the given ``items``.</doc>
<msg timestamp="20210908 10:57:55.046" level="INFO">&amp;{HEADERS} = { client_key=6138aa93de6b6400165e9ceb }</msg>
<status status="PASS" starttime="20210908 10:57:55.044" endtime="20210908 10:57:55.046"/>
</kw>
<kw name="Set Suite Variable" library="BuiltIn">
<arg>${HEADERS}</arg>
<doc>Makes a variable available everywhere within the scope of the current suite.</doc>
<msg timestamp="20210908 10:57:55.052" level="INFO">${HEADERS} = {'client_key': '6138aa93de6b6400165e9ceb'}</msg>
<status status="PASS" starttime="20210908 10:57:55.051" endtime="20210908 10:57:55.052"/>
</kw>
<status status="PASS" starttime="20210908 10:57:54.548" endtime="20210908 10:57:55.059"/>
</kw>
<kw name="Back To The Past" library="Base">
<kw name="DELETE" library="RequestsLibrary">
<arg>${API_URL}/delorean</arg>
<arg>headers=${HEADERS}</arg>
<doc>Sends a DELETE request.</doc>
<msg timestamp="20210908 10:57:55.395" level="INFO">DELETE Request : url=http://marvel.qaninja.academy/delorean 
 path_url=/delorean 
 headers={'User-Agent': 'python-requests/2.26.0', 'Accept-Encoding': 'gzip, deflate', 'Accept': '*/*', 'Connection': 'keep-alive', 'client_key': '6138aa93de6b6400165e9ceb', 'Content-Length': '0'} 
 body=None 
 </msg>
<msg timestamp="20210908 10:57:55.395" level="INFO">DELETE Response : url=http://marvel.qaninja.academy/delorean 
 status=200, reason=OK 
 headers={'Server': 'Cowboy', 'Connection': 'keep-alive', 'X-Powered-By': 'Express', 'Access-Control-Allow-Origin': '*', 'Content-Type': 'application/json; charset=utf-8', 'Content-Length': '31', 'Etag': 'W/"1f-ImqlboUfbv1n1FbEV48J/4RvhGg"', 'Date': 'Wed, 08 Sep 2021 13:57:56 GMT', 'Via': '1.1 vegur'} 
 body={"message":"Avengers Assemble"} 
 </msg>
<status status="PASS" starttime="20210908 10:57:55.060" endtime="20210908 10:57:55.395"/>
</kw>
<status status="PASS" starttime="20210908 10:57:55.059" endtime="20210908 10:57:55.401"/>
</kw>
<status status="PASS" starttime="20210908 10:57:54.548" endtime="20210908 10:57:55.401"/>
</kw>
<test id="s1-s3-t1" name="Deve buscar um personagem pelo Id">
<kw name="Factory Logan" library="Xmen">
<var>${personagem}</var>
<msg timestamp="20210908 10:57:55.404" level="INFO">${personagem} = {'name': 'Logan', 'aliases': 'Wolverine', 'age': 100, 'team': 'X-men', 'active': True}</msg>
<status status="PASS" starttime="20210908 10:57:55.403" endtime="20210908 10:57:55.404"/>
</kw>
<kw name="POST New Character" library="Characters">
<var>${logan}</var>
<arg>${personagem}</arg>
<kw name="POST" library="RequestsLibrary">
<var>${response}</var>
<arg>http://marvel.qaninja.academy/characters</arg>
<arg>json=${payload}</arg>
<arg>headers=${HEADERS}</arg>
<arg>expected_status=any</arg>
<doc>Sends a POST request.</doc>
<msg timestamp="20210908 10:57:55.956" level="INFO">POST Request : url=http://marvel.qaninja.academy/characters 
 path_url=/characters 
 headers={'User-Agent': 'python-requests/2.26.0', 'Accept-Encoding': 'gzip, deflate', 'Accept': '*/*', 'Connection': 'keep-alive', 'client_key': '6138aa93de6b6400165e9ceb', 'Content-Length': '86', 'Content-Type': 'application/json'} 
 body=b'{"name": "Logan", "aliases": "Wolverine", "age": 100, "team": "X-men", "active": true}' 
 </msg>
<msg timestamp="20210908 10:57:55.956" level="INFO">POST Response : url=http://marvel.qaninja.academy/characters 
 status=200, reason=OK 
 headers={'Server': 'Cowboy', 'Connection': 'keep-alive', 'X-Powered-By': 'Express', 'Access-Control-Allow-Origin': '*', 'Content-Type': 'application/json; charset=utf-8', 'Content-Length': '145', 'Etag': 'W/"91-WYiLX59ByP7wEqQHtcvma6otVUc"', 'Date': 'Wed, 08 Sep 2021 13:57:57 GMT', 'Via': '1.1 vegur'} 
 body={"_id":"6138c165de6b6400165e9f5d","name":"Logan","age":100,"aliases":"Wolverine","team":"X-men","active":true,"owner":"6138aa93de6b6400165e9ceb"} 
 </msg>
<msg timestamp="20210908 10:57:55.956" level="INFO">${response} = &lt;Response [200]&gt;</msg>
<status status="PASS" starttime="20210908 10:57:55.410" endtime="20210908 10:57:55.956"/>
</kw>
<msg timestamp="20210908 10:57:55.961" level="INFO">${logan} = &lt;Response [200]&gt;</msg>
<status status="PASS" starttime="20210908 10:57:55.408" endtime="20210908 10:57:55.961"/>
</kw>
<kw name="Set Variable" library="BuiltIn">
<var>${logan_id}</var>
<arg>${logan.json()}[_id]</arg>
<doc>Returns the given values which can then be assigned to a variables.</doc>
<msg timestamp="20210908 10:57:55.965" level="INFO">${logan_id} = 6138c165de6b6400165e9f5d</msg>
<status status="PASS" starttime="20210908 10:57:55.964" endtime="20210908 10:57:55.965"/>
</kw>
<kw name="GET Character By Id" library="Characters">
<var>${response}</var>
<arg>${logan_id}</arg>
<kw name="GET" library="RequestsLibrary">
<var>${response}</var>
<arg>${API_URL}/characters/${character_id}</arg>
<arg>headers=${HEADERS}</arg>
<arg>expected_status=any</arg>
<doc>Sends a GET request.</doc>
<msg timestamp="20210908 10:57:56.304" level="INFO">GET Request : url=http://marvel.qaninja.academy/characters/6138c165de6b6400165e9f5d 
 path_url=/characters/6138c165de6b6400165e9f5d 
 headers={'User-Agent': 'python-requests/2.26.0', 'Accept-Encoding': 'gzip, deflate', 'Accept': '*/*', 'Connection': 'keep-alive', 'client_key': '6138aa93de6b6400165e9ceb'} 
 body=None 
 </msg>
<msg timestamp="20210908 10:57:56.304" level="INFO">GET Response : url=http://marvel.qaninja.academy/characters/6138c165de6b6400165e9f5d 
 status=200, reason=OK 
 headers={'Server': 'Cowboy', 'Connection': 'keep-alive', 'X-Powered-By': 'Express', 'Access-Control-Allow-Origin': '*', 'Content-Type': 'application/json; charset=utf-8', 'Content-Length': '145', 'Etag': 'W/"91-WYiLX59ByP7wEqQHtcvma6otVUc"', 'Date': 'Wed, 08 Sep 2021 13:57:57 GMT', 'Via': '1.1 vegur'} 
 body={"_id":"6138c165de6b6400165e9f5d","name":"Logan","age":100,"aliases":"Wolverine","team":"X-men","active":true,"owner":"6138aa93de6b6400165e9ceb"} 
 </msg>
<msg timestamp="20210908 10:57:56.304" level="INFO">${response} = &lt;Response [200]&gt;</msg>
<status status="PASS" starttime="20210908 10:57:55.968" endtime="20210908 10:57:56.304"/>
</kw>
<msg timestamp="20210908 10:57:56.309" level="INFO">${response} = &lt;Response [200]&gt;</msg>
<status status="PASS" starttime="20210908 10:57:55.967" endtime="20210908 10:57:56.309"/>
</kw>
<kw name="Status Should Be" library="RequestsLibrary">
<arg>200</arg>
<arg>${response}</arg>
<doc>Fails if response status code is different than the expected.</doc>
<status status="PASS" starttime="20210908 10:57:56.313" endtime="20210908 10:57:56.313"/>
</kw>
<kw name="Should Be Equal" library="BuiltIn">
<arg>${logan.json()}[name]</arg>
<arg>${personagem}[name]</arg>
<doc>Fails if the given objects are unequal.</doc>
<status status="PASS" starttime="20210908 10:57:56.314" endtime="20210908 10:57:56.315"/>
</kw>
<kw name="Should Be Equal" library="BuiltIn">
<arg>${logan.json()}[aliases]</arg>
<arg>${personagem}[aliases]</arg>
<doc>Fails if the given objects are unequal.</doc>
<status status="PASS" starttime="20210908 10:57:56.316" endtime="20210908 10:57:56.318"/>
</kw>
<kw name="Should Be Equal" library="BuiltIn">
<arg>${logan.json()}[age]</arg>
<arg>${personagem}[age]</arg>
<doc>Fails if the given objects are unequal.</doc>
<status status="PASS" starttime="20210908 10:57:56.318" endtime="20210908 10:57:56.319"/>
</kw>
<kw name="Should Be Equal" library="BuiltIn">
<arg>${logan.json()}[team]</arg>
<arg>${personagem}[team]</arg>
<doc>Fails if the given objects are unequal.</doc>
<status status="PASS" starttime="20210908 10:57:56.320" endtime="20210908 10:57:56.321"/>
</kw>
<kw name="Should Be Equal" library="BuiltIn">
<arg>${logan.json()}[active]</arg>
<arg>${personagem}[active]</arg>
<doc>Fails if the given objects are unequal.</doc>
<status status="PASS" starttime="20210908 10:57:56.321" endtime="20210908 10:57:56.322"/>
</kw>
<status status="PASS" starttime="20210908 10:57:55.402" endtime="20210908 10:57:56.323"/>
</test>
<test id="s1-s3-t2" name="Não deve retornar o personagem pelo Id">
<kw name="Get Unique Id" library="Helpers">
<var>${personagem_id}</var>
<msg timestamp="20210908 10:57:56.328" level="INFO">${personagem_id} = 6138c1641f3634132c9afeb9</msg>
<status status="PASS" starttime="20210908 10:57:56.328" endtime="20210908 10:57:56.328"/>
</kw>
<kw name="GET Character By Id" library="Characters">
<var>${response}</var>
<arg>${personagem_id}</arg>
<kw name="GET" library="RequestsLibrary">
<var>${response}</var>
<arg>${API_URL}/characters/${character_id}</arg>
<arg>headers=${HEADERS}</arg>
<arg>expected_status=any</arg>
<doc>Sends a GET request.</doc>
<msg timestamp="20210908 10:57:56.661" level="INFO">GET Request : url=http://marvel.qaninja.academy/characters/6138c1641f3634132c9afeb9 
 path_url=/characters/6138c1641f3634132c9afeb9 
 headers={'User-Agent': 'python-requests/2.26.0', 'Accept-Encoding': 'gzip, deflate', 'Accept': '*/*', 'Connection': 'keep-alive', 'client_key': '6138aa93de6b6400165e9ceb'} 
 body=None 
 </msg>
<msg timestamp="20210908 10:57:56.661" level="INFO">GET Response : url=http://marvel.qaninja.academy/characters/6138c1641f3634132c9afeb9 
 status=404, reason=Not Found 
 headers={'Server': 'Cowboy', 'Connection': 'keep-alive', 'X-Powered-By': 'Express', 'Access-Control-Allow-Origin': '*', 'Date': 'Wed, 08 Sep 2021 13:57:57 GMT', 'Content-Length': '0', 'Via': '1.1 vegur'} 
 body=None 
 </msg>
<msg timestamp="20210908 10:57:56.661" level="INFO">${response} = &lt;Response [404]&gt;</msg>
<status status="PASS" starttime="20210908 10:57:56.335" endtime="20210908 10:57:56.662"/>
</kw>
<msg timestamp="20210908 10:57:56.667" level="INFO">${response} = &lt;Response [404]&gt;</msg>
<status status="PASS" starttime="20210908 10:57:56.335" endtime="20210908 10:57:56.667"/>
</kw>
<kw name="Status Should Be" library="RequestsLibrary">
<arg>404</arg>
<arg>${response}</arg>
<doc>Fails if response status code is different than the expected.</doc>
<status status="PASS" starttime="20210908 10:57:56.670" endtime="20210908 10:57:56.672"/>
</kw>
<status status="PASS" starttime="20210908 10:57:56.326" endtime="20210908 10:57:56.673"/>
</test>
<doc>Suite de Teste de busca de personagens na API da Marvel</doc>
<status status="PASS" starttime="20210908 10:57:54.541" endtime="20210908 10:57:56.682"/>
</suite>
<status status="PASS" starttime="20210908 10:57:50.175" endtime="20210908 10:57:56.700"/>
</suite>
<statistics>
<total>
<stat pass="6" fail="0" skip="0">All Tests</stat>
</total>
<tag>
<stat pass="1" fail="0" skip="0">dup</stat>
</tag>
<suite>
<stat pass="6" fail="0" skip="0" id="s1" name="Specs">Specs</stat>
<stat pass="2" fail="0" skip="0" id="s1-s1" name="CreateCharacters">Specs.CreateCharacters</stat>
<stat pass="2" fail="0" skip="0" id="s1-s2" name="RemoveCharacters">Specs.RemoveCharacters</stat>
<stat pass="2" fail="0" skip="0" id="s1-s3" name="SearchCharacters">Specs.SearchCharacters</stat>
</suite>
</statistics>
<errors>
</errors>
</robot>
