<?xml version="1.0" encoding="UTF-8"?>
<robot generator="Robot 4.1 (Python 3.9.7 on win32)" generated="20210907 17:26:25.947" rpa="false" schemaversion="2">
<suite id="s1" name="CreateCharacters" source="C:\projects\marvel-api\specs\CreateCharacters.robot">
<test id="s1-t1" name="Deve cadastrar um personagem">
<kw name="Set Client Key" library="Base">
<arg>thaisllaynesantana@gmail.com</arg>
<kw name="Create Dictionary" library="BuiltIn">
<var>&amp;{usuario}</var>
<arg>email=${email}</arg>
<doc>Creates and returns a dictionary based on the given ``items``.</doc>
<msg timestamp="20210907 17:26:26.424" level="INFO">&amp;{usuario} = { email=thaisllaynesantana@gmail.com }</msg>
<status status="PASS" starttime="20210907 17:26:26.423" endtime="20210907 17:26:26.424"/>
</kw>
<kw name="POST" library="RequestsLibrary">
<var>${response}</var>
<arg>${API_URL}/accounts</arg>
<arg>json=${usuario}</arg>
<doc>Sends a POST request.</doc>
<msg timestamp="20210907 17:26:27.185" level="INFO">POST Request : url=http://marvel.qaninja.academy/accounts 
 path_url=/accounts 
 headers={'User-Agent': 'python-requests/2.26.0', 'Accept-Encoding': 'gzip, deflate', 'Accept': '*/*', 'Connection': 'keep-alive', 'Content-Length': '41', 'Content-Type': 'application/json'} 
 body=b'{"email": "thaisllaynesantana@gmail.com"}' 
 </msg>
<msg timestamp="20210907 17:26:27.186" level="INFO">POST Response : url=http://marvel.qaninja.academy/accounts 
 status=200, reason=OK 
 headers={'Server': 'Cowboy', 'Connection': 'keep-alive', 'X-Powered-By': 'Express', 'Access-Control-Allow-Origin': '*', 'Content-Type': 'application/json; charset=utf-8', 'Content-Length': '41', 'Etag': 'W/"29-fM0uEw0HMXhQxFTNSN4Ts3FTdfc"', 'Date': 'Tue, 07 Sep 2021 20:26:27 GMT', 'Via': '1.1 vegur'} 
 body={"client_key":"6131222c2f65af00162b355c"} 
 </msg>
<msg timestamp="20210907 17:26:27.187" level="INFO">${response} = &lt;Response [200]&gt;</msg>
<status status="PASS" starttime="20210907 17:26:26.424" endtime="20210907 17:26:27.187"/>
</kw>
<kw name="Set Variable" library="BuiltIn">
<var>${client_key}</var>
<arg>${response.json()}[client_key]</arg>
<doc>Returns the given values which can then be assigned to a variables.</doc>
<msg timestamp="20210907 17:26:27.189" level="INFO">${client_key} = 6131222c2f65af00162b355c</msg>
<status status="PASS" starttime="20210907 17:26:27.187" endtime="20210907 17:26:27.189"/>
</kw>
<kw name="Create Dictionary" library="BuiltIn">
<var>&amp;{HEADERS}</var>
<arg>client_key=${client_key}</arg>
<doc>Creates and returns a dictionary based on the given ``items``.</doc>
<msg timestamp="20210907 17:26:27.192" level="INFO">&amp;{HEADERS} = { client_key=6131222c2f65af00162b355c }</msg>
<status status="PASS" starttime="20210907 17:26:27.190" endtime="20210907 17:26:27.192"/>
</kw>
<kw name="Set Suite Variable" library="BuiltIn">
<arg>${HEADERS}</arg>
<doc>Makes a variable available everywhere within the scope of the current suite.</doc>
<msg timestamp="20210907 17:26:27.194" level="INFO">${HEADERS} = {'client_key': '6131222c2f65af00162b355c'}</msg>
<status status="PASS" starttime="20210907 17:26:27.192" endtime="20210907 17:26:27.195"/>
</kw>
<status status="PASS" starttime="20210907 17:26:26.423" endtime="20210907 17:26:27.195"/>
</kw>
<kw name="Factory Thanos" library="Thanos">
<var>&amp;{personagem}</var>
<msg timestamp="20210907 17:26:27.198" level="INFO">&amp;{personagem} = { name=Tricia Townsend | aliases=Thanos de X | age=3000 | team=Ordem Negra | active=False }</msg>
<status status="PASS" starttime="20210907 17:26:27.196" endtime="20210907 17:26:27.198"/>
</kw>
<kw name="POST" library="RequestsLibrary">
<var>${response}</var>
<arg>http://marvel.qaninja.academy/characters</arg>
<arg>json=${personagem}</arg>
<arg>headers=${headers}</arg>
<arg>expected_status=any</arg>
<doc>Sends a POST request.</doc>
<msg timestamp="20210907 17:26:27.600" level="INFO">POST Request : url=http://marvel.qaninja.academy/characters 
 path_url=/characters 
 headers={'User-Agent': 'python-requests/2.26.0', 'Accept-Encoding': 'gzip, deflate', 'Accept': '*/*', 'Connection': 'keep-alive', 'client_key': '6131222c2f65af00162b355c', 'Content-Length': '106', 'Content-Type': 'application/json'} 
 body=b'{"name": "Tricia Townsend", "aliases": "Thanos de X", "age": 3000, "team": "Ordem Negra", "active": false}' 
 </msg>
<msg timestamp="20210907 17:26:27.600" level="INFO">POST Response : url=http://marvel.qaninja.academy/characters 
 status=200, reason=OK 
 headers={'Server': 'Cowboy', 'Connection': 'keep-alive', 'X-Powered-By': 'Express', 'Access-Control-Allow-Origin': '*', 'Content-Type': 'application/json; charset=utf-8', 'Content-Length': '165', 'Etag': 'W/"a5-yCdz2e3k2bo16VD/e2U03sWMA7g"', 'Date': 'Tue, 07 Sep 2021 20:26:27 GMT', 'Via': '1.1 vegur'} 
 body={"_id":"6137caf31088a7001610dd25","name":"Tricia Townsend","age":3000,"aliases":"Thanos de X","team":"Ordem Negra","active":false,"owner":"6131222c2f65af00162b355c"} 
 </msg>
<msg timestamp="20210907 17:26:27.600" level="INFO">${response} = &lt;Response [200]&gt;</msg>
<status status="PASS" starttime="20210907 17:26:27.199" endtime="20210907 17:26:27.600"/>
</kw>
<kw name="Status Should Be" library="RequestsLibrary">
<arg>200</arg>
<arg>${response}</arg>
<doc>Fails if response status code is different than the expected.</doc>
<status status="PASS" starttime="20210907 17:26:27.600" endtime="20210907 17:26:27.602"/>
</kw>
<status status="PASS" starttime="20210907 17:26:26.423" endtime="20210907 17:26:27.602"/>
</test>
<test id="s1-t2" name="Não deve cadastrar com o mesmo nome">
<kw name="Factory Thanos" library="Thanos">
<var>${personagem}</var>
<msg timestamp="20210907 17:26:27.606" level="INFO">${personagem} = {'name': 'Sergio Simmons', 'aliases': 'Thanos de X', 'age': 3000, 'team': 'Ordem Negra', 'active': False}</msg>
<status status="PASS" starttime="20210907 17:26:27.605" endtime="20210907 17:26:27.606"/>
</kw>
<kw name="POST" library="RequestsLibrary">
<arg>${API_URL}/characters</arg>
<arg>json=${personagem}</arg>
<arg>headers=${HEADERS}</arg>
<arg>expected_status=any</arg>
<doc>Sends a POST request.</doc>
<msg timestamp="20210907 17:26:28.009" level="INFO">POST Request : url=http://marvel.qaninja.academy/characters 
 path_url=/characters 
 headers={'User-Agent': 'python-requests/2.26.0', 'Accept-Encoding': 'gzip, deflate', 'Accept': '*/*', 'Connection': 'keep-alive', 'client_key': '6131222c2f65af00162b355c', 'Content-Length': '105', 'Content-Type': 'application/json'} 
 body=b'{"name": "Sergio Simmons", "aliases": "Thanos de X", "age": 3000, "team": "Ordem Negra", "active": false}' 
 </msg>
<msg timestamp="20210907 17:26:28.011" level="INFO">POST Response : url=http://marvel.qaninja.academy/characters 
 status=200, reason=OK 
 headers={'Server': 'Cowboy', 'Connection': 'keep-alive', 'X-Powered-By': 'Express', 'Access-Control-Allow-Origin': '*', 'Content-Type': 'application/json; charset=utf-8', 'Content-Length': '164', 'Etag': 'W/"a4-+IxEjleQRiFIAnaPr3VDgdKaQmA"', 'Date': 'Tue, 07 Sep 2021 20:26:28 GMT', 'Via': '1.1 vegur'} 
 body={"_id":"6137caf41088a7001610dd29","name":"Sergio Simmons","age":3000,"aliases":"Thanos de X","team":"Ordem Negra","active":false,"owner":"6131222c2f65af00162b355c"} 
 </msg>
<status status="PASS" starttime="20210907 17:26:27.606" endtime="20210907 17:26:28.011"/>
</kw>
<kw name="POST" library="RequestsLibrary">
<var>${response}</var>
<arg>http://marvel.qaninja.academy/characters</arg>
<arg>json=${personagem}</arg>
<arg>headers=${headers}</arg>
<arg>expected_status=any</arg>
<doc>Sends a POST request.</doc>
<msg timestamp="20210907 17:26:28.417" level="INFO">POST Request : url=http://marvel.qaninja.academy/characters 
 path_url=/characters 
 headers={'User-Agent': 'python-requests/2.26.0', 'Accept-Encoding': 'gzip, deflate', 'Accept': '*/*', 'Connection': 'keep-alive', 'client_key': '6131222c2f65af00162b355c', 'Content-Length': '105', 'Content-Type': 'application/json'} 
 body=b'{"name": "Sergio Simmons", "aliases": "Thanos de X", "age": 3000, "team": "Ordem Negra", "active": false}' 
 </msg>
<msg timestamp="20210907 17:26:28.417" level="INFO">POST Response : url=http://marvel.qaninja.academy/characters 
 status=409, reason=Conflict 
 headers={'Server': 'Cowboy', 'Connection': 'keep-alive', 'X-Powered-By': 'Express', 'Access-Control-Allow-Origin': '*', 'Content-Type': 'application/json; charset=utf-8', 'Content-Length': '39', 'Etag': 'W/"27-u8CjYCAAYHK/l+EQR0JyKi0LQGU"', 'Date': 'Tue, 07 Sep 2021 20:26:28 GMT', 'Via': '1.1 vegur'} 
 body={"error":"Character already exists :("} 
 </msg>
<msg timestamp="20210907 17:26:28.418" level="INFO">${response} = &lt;Response [409]&gt;</msg>
<status status="PASS" starttime="20210907 17:26:28.011" endtime="20210907 17:26:28.418"/>
</kw>
<kw name="Status Should Be" library="RequestsLibrary">
<arg>409</arg>
<arg>${response}</arg>
<doc>Fails if response status code is different than the expected.</doc>
<status status="PASS" starttime="20210907 17:26:28.419" endtime="20210907 17:26:28.419"/>
</kw>
<kw name="Should Be Equal" library="BuiltIn">
<arg>${response.json()}[error]</arg>
<arg>Character already exists :(</arg>
<doc>Fails if the given objects are unequal.</doc>
<status status="PASS" starttime="20210907 17:26:28.419" endtime="20210907 17:26:28.419"/>
</kw>
<status status="PASS" starttime="20210907 17:26:27.604" endtime="20210907 17:26:28.419"/>
</test>
<doc>Suite de Teste do cadastro de personagens na API da Marvel</doc>
<status status="PASS" starttime="20210907 17:26:25.949" endtime="20210907 17:26:28.425"/>
</suite>
<statistics>
<total>
<stat pass="2" fail="0" skip="0">All Tests</stat>
</total>
<tag>
</tag>
<suite>
<stat pass="2" fail="0" skip="0" id="s1" name="CreateCharacters">CreateCharacters</stat>
</suite>
</statistics>
<errors>
</errors>
</robot>
